C51 COMPILER V8.08   LCD1                                                                  02/05/2020 10:24:59 PAGE 1   


C51 COMPILER V8.08, COMPILATION OF MODULE LCD1
OBJECT MODULE PLACED IN lcd1.OBJ
COMPILER INVOKED BY: C:\Keil\C51\BIN\C51.EXE lcd1.c BROWSE DEBUG OBJECTEXTEND

line level    source

   1          #include <reg51.h> 
   2          #define LCDDATA P2 
   3          sbit RS =       P3^6; 
   4          sbit E  =       P3^7; 
   5          
   6          
   7          void mydelay(int t){ 
   8   1         int x=0,y=0; 
   9   1         for (x=0 ; x<t; x++) 
  10   1          {  for (y=0 ; y<20000; y++){                }                
  11   2          } 
  12   1       } 
  13           
  14          
  15           void lcd_cmd(char d) 
  16           { 
  17   1              RS=0; 
  18   1              E=1;    LCDDATA= d;     mydelay(1); E=0; 
  19   1       } 
  20           
  21          
  22           void lcd_data(char d) 
  23           { 
  24   1              RS=1; 
  25   1              E=1;    LCDDATA= d; mydelay(1); E=0; 
  26   1       } 
  27           
  28           
  29           void main(){ 
  30   1                while(1){ 
  31   2                      lcd_cmd(0x38); 
  32   2                      lcd_cmd(0x0E); 
  33   2                      lcd_cmd(0x01);       
  34   2                      lcd_data('N'); 
  35   2                      lcd_data('I'); 
  36   2                      lcd_data('E'); 
  37   2                      lcd_data('L'); 
  38   2                      lcd_data('I'); 
  39   2                      lcd_data('T'); 
  40   2                      mydelay(100); 
  41   2                } 
  42   1       } 


MODULE INFORMATION:   STATIC OVERLAYABLE
   CODE SIZE        =    116    ----
   CONSTANT SIZE    =   ----    ----
   XDATA SIZE       =   ----    ----
   PDATA SIZE       =   ----    ----
   DATA SIZE        =   ----    ----
   IDATA SIZE       =   ----    ----
   BIT SIZE         =   ----    ----
END OF MODULE INFORMATION.


C51 COMPILATION COMPLETE.  0 WARNING(S),  0 ERROR(S)
